[debug] [2024-03-09T00:44:06.790Z] ----------------------------------------------------------------------
[debug] [2024-03-09T00:44:06.794Z] Command:       /Users/jameskim/.nvm/versions/node/v20.11.1/bin/node /Users/jameskim/.nvm/versions/node/v20.11.1/bin/firebase init
[debug] [2024-03-09T00:44:06.794Z] CLI Version:   13.4.1
[debug] [2024-03-09T00:44:06.794Z] Platform:      darwin
[debug] [2024-03-09T00:44:06.794Z] Node Version:  v20.11.1
[debug] [2024-03-09T00:44:06.795Z] Time:          Fri Mar 08 2024 19:44:06 GMT-0500 (Eastern Standard Time)
[debug] [2024-03-09T00:44:06.795Z] ----------------------------------------------------------------------
[debug] 
[debug] [2024-03-09T00:44:06.801Z] > command requires scopes: ["email","openid","https://www.googleapis.com/auth/cloudplatformprojects.readonly","https://www.googleapis.com/auth/firebase","https://www.googleapis.com/auth/cloud-platform"]
[debug] [2024-03-09T00:44:06.802Z] > authorizing via signed-in user (kkw9709@gmail.com)
[info] 
     ######## #### ########  ######## ########     ###     ######  ########
     ##        ##  ##     ## ##       ##     ##  ##   ##  ##       ##
     ######    ##  ########  ######   ########  #########  ######  ######
     ##        ##  ##    ##  ##       ##     ## ##     ##       ## ##
     ##       #### ##     ## ######## ########  ##     ##  ######  ########

You're about to initialize a Firebase project in this directory:

  /Users/jameskim/Desktop/CS/Projects/log

[info] 
=== Project Setup
[info] 
[info] First, let's associate this project directory with a Firebase project.
[info] You can create multiple project aliases by running firebase use --add, 
[info] but for now we'll just set up a default project.
[info] 
[debug] [2024-03-09T00:44:17.659Z] >>> [apiv2][query] GET https://firebase.googleapis.com/v1beta1/projects pageSize=100
[debug] [2024-03-09T00:44:18.221Z] <<< [apiv2][status] GET https://firebase.googleapis.com/v1beta1/projects 200
[debug] [2024-03-09T00:44:18.221Z] <<< [apiv2][body] GET https://firebase.googleapis.com/v1beta1/projects [omitted]
[info] i  Using project logger-74a09 (logger) 
[info] 
=== Hosting Setup
[debug] [2024-03-09T00:44:21.542Z] >>> [apiv2][query] GET https://firebase.googleapis.com/v1beta1/projects/logger-74a09 [none]
[debug] [2024-03-09T00:44:22.040Z] <<< [apiv2][status] GET https://firebase.googleapis.com/v1beta1/projects/logger-74a09 200
[debug] [2024-03-09T00:44:22.041Z] <<< [apiv2][body] GET https://firebase.googleapis.com/v1beta1/projects/logger-74a09 {"projectId":"logger-74a09","projectNumber":"59632848725","displayName":"logger","name":"projects/logger-74a09","resources":{"hostingSite":"logger-74a09"},"state":"ACTIVE","etag":"1_586bb373-500d-4dad-91ce-c682e45ba291"}
[info] 
[info] Your public directory is the folder (relative to your project directory) that
[info] will contain Hosting assets to be uploaded with firebase deploy. If you
[info] have a build process for your assets, use your build's output directory.
[info] 
[debug] [2024-03-09T00:45:05.180Z] >>> [apiv2][query] GET https://www.gstatic.com/firebasejs/releases.json [none]
[debug] [2024-03-09T00:45:05.269Z] <<< [apiv2][status] GET https://www.gstatic.com/firebasejs/releases.json 200
[debug] [2024-03-09T00:45:05.269Z] <<< [apiv2][body] GET https://www.gstatic.com/firebasejs/releases.json {"current":{"version":"10.8.1","browserURL":"https://www.gstatic.com/firebasejs/10.8.1/firebase.js","packageURL":"https://www.gstatic.com/firebasejs/10.8.1/firebase.tgz"},"live":{"version":"10.8","browserURL":"https://www.gstatic.com/firebasejs/live/10.8/firebase.js","packageURL":"https://www.gstatic.com/firebasejs/live/10.8/firebase.tgz"},"components":{"analytics":"https://www.gstatic.com/firebasejs/10.8.1/firebase-analytics.js","app":"https://www.gstatic.com/firebasejs/10.8.1/firebase-app.js","app-check":"https://www.gstatic.com/firebasejs/10.8.1/firebase-app-check.js","auth":"https://www.gstatic.com/firebasejs/10.8.1/firebase-auth.js","auth/cordova":"https://www.gstatic.com/firebasejs/10.8.1/firebase-auth/cordova.js","auth/web-extension":"https://www.gstatic.com/firebasejs/10.8.1/firebase-auth/web-extension.js","functions":"https://www.gstatic.com/firebasejs/10.8.1/firebase-functions.js","firestore":"https://www.gstatic.com/firebasejs/10.8.1/firebase-firestore.js","firestore/lite":"https://www.gstatic.com/firebasejs/10.8.1/firebase-firestore/lite.js","installations":"https://www.gstatic.com/firebasejs/10.8.1/firebase-installations.js","storage":"https://www.gstatic.com/firebasejs/10.8.1/firebase-storage.js","performance":"https://www.gstatic.com/firebasejs/10.8.1/firebase-performance.js","remote-config":"https://www.gstatic.com/firebasejs/10.8.1/firebase-remote-config.js","messaging":"https://www.gstatic.com/firebasejs/10.8.1/firebase-messaging.js","messaging/sw":"https://www.gstatic.com/firebasejs/10.8.1/firebase-messaging/sw.js","database":"https://www.gstatic.com/firebasejs/10.8.1/firebase-database.js","firestore.memory":"https://www.gstatic.com/firebasejs/10.8.1/firebase-firestore.memory.js"}}
[info] ✔  Wrote build/index.html 
[info] 
[info] i  Detected a .git folder at /Users/jameskim/Desktop/CS/Projects/log 
[info] i  Authorizing with GitHub to upload your service account to a GitHub repository's secrets store. 
[info] 
[info] Visit this URL on this device to log in:
[info] https://github.com/login/oauth/authorize?client_id=89cf50f02ac6aaed3484&state=671258716&redirect_uri=http%3A%2F%2Flocalhost%3A9005&scope=read%3Auser%20repo%20public_repo
[info] 
[info] Waiting for authentication...
[debug] [2024-03-09T00:45:24.561Z] >>> [apiv2][query] POST https://github.com/login/oauth/access_token [none]
[debug] [2024-03-09T00:45:24.561Z] >>> [apiv2][body] POST https://github.com/login/oauth/access_token [stream]
[debug] [2024-03-09T00:45:24.929Z] <<< [apiv2][status] POST https://github.com/login/oauth/access_token 200
[debug] [2024-03-09T00:45:24.930Z] <<< [apiv2][body] POST https://github.com/login/oauth/access_token {"access_token":"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","token_type":"bearer","scope":"read:user,repo"}
[debug] [2024-03-09T00:45:24.952Z] >>> [apiv2][query] GET https://api.github.com/user [none]
[debug] [2024-03-09T00:45:25.100Z] <<< [apiv2][status] GET https://api.github.com/user 200
[debug] [2024-03-09T00:45:25.100Z] <<< [apiv2][body] GET https://api.github.com/user {"login":"j1mk1m","id":68579388,"node_id":"MDQ6VXNlcjY4NTc5Mzg4","avatar_url":"https://avatars.githubusercontent.com/u/68579388?v=4","gravatar_id":"","url":"https://api.github.com/users/j1mk1m","html_url":"https://github.com/j1mk1m","followers_url":"https://api.github.com/users/j1mk1m/followers","following_url":"https://api.github.com/users/j1mk1m/following{/other_user}","gists_url":"https://api.github.com/users/j1mk1m/gists{/gist_id}","starred_url":"https://api.github.com/users/j1mk1m/starred{/owner}{/repo}","subscriptions_url":"https://api.github.com/users/j1mk1m/subscriptions","organizations_url":"https://api.github.com/users/j1mk1m/orgs","repos_url":"https://api.github.com/users/j1mk1m/repos","events_url":"https://api.github.com/users/j1mk1m/events{/privacy}","received_events_url":"https://api.github.com/users/j1mk1m/received_events","type":"User","site_admin":false,"name":"James Kim","company":null,"blog":"","location":null,"email":null,"hireable":null,"bio":"CS @ Carnegie Mellon University","twitter_username":null,"public_repos":14,"public_gists":0,"followers":1,"following":1,"created_at":"2020-07-21T04:42:40Z","updated_at":"2024-03-04T00:55:27Z","private_gists":0,"total_private_repos":6,"owned_private_repos":5,"disk_usage":1092536,"collaborators":0,"two_factor_authentication":false,"plan":{"name":"free","space":976562499,"collaborators":0,"private_repos":10000}}
[info] 
[info] ✔  Success! Logged into GitHub as j1mk1m 
[info] 
